<?xml version="1.0" encoding="UTF-8"?>
<!-- Generated by org.testng.reporters.JUnitXMLReporter -->
<testsuite ignored="0" hostname="bcedbeeceddebdccfbfabccecfaaebcecfbfc-0" failures="0" tests="3" name="Surefire test" time="24.156" errors="0" timestamp="2023-08-30T08:25:04 UTC">
  <testcase classname="runner.Testcase" name="loginTest" time="3.158"/>
  <testcase classname="runner.Testcase" name="loginTest" time="2.745"/>
  <testcase classname="runner.Testcase" name="SearchTest" time="8.455"/>
</testsuite> <!-- Surefire test -->
