<?xml version="1.0" encoding="UTF-8"?>
<!-- Generated by org.testng.reporters.JUnitXMLReporter -->
<testsuite ignored="0" hostname="bcedbeeceddebdccfbfabccecfaaebcecfbfc-0" failures="0" tests="3" name="Surefire test" time="24.525" errors="0" timestamp="2023-08-30T09:23:07 UTC">
  <testcase classname="runner.Testcase" name="loginTest" time="2.778"/>
  <testcase classname="runner.Testcase" name="loginTest" time="2.85"/>
  <testcase classname="runner.Testcase" name="SearchTest" time="9.188"/>
</testsuite> <!-- Surefire test -->
