<?xml version="1.0" encoding="UTF-8"?>
<testng-results ignored="0" total="3" passed="3" failed="0" skipped="0">
  <reporter-output>
  </reporter-output>
  <suite started-at="2023-08-30T09:22:42 UTC" name="Surefire suite" finished-at="2023-08-30T09:23:07 UTC" duration-ms="24525">
    <groups>
    </groups>
    <test started-at="2023-08-30T09:22:42 UTC" name="Surefire test" finished-at="2023-08-30T09:23:07 UTC" duration-ms="24525">
      <class name="runner.Testcase">
        <test-method is-config="true" signature="beforeMethod()[pri:0, instance:runner.Testcase@740cae06]" started-at="2023-08-30T09:22:42 UTC" name="beforeMethod" finished-at="2023-08-30T09:22:46 UTC" duration-ms="3696" status="PASS">
          <reporter-output>
          </reporter-output>
        </test-method> <!-- beforeMethod -->
        <test-method signature="loginTest(java.lang.String,java.lang.String,java.lang.String)[pri:1, instance:runner.Testcase@740cae06]" started-at="2023-08-30T09:22:46 UTC" name="loginTest" data-provider="LoginData" finished-at="2023-08-30T09:22:49 UTC" duration-ms="2778" status="PASS">
          <params>
            <param index="0">
              <value>
                <![CDATA[Admin]]>
              </value>
            </param>
            <param index="1">
              <value>
                <![CDATA[admin123]]>
              </value>
            </param>
            <param index="2">
              <value>
                <![CDATA[https://opensource-demo.orangehrmlive.com/web/index.php/dashboard/index]]>
              </value>
            </param>
          </params>
          <reporter-output>
          </reporter-output>
        </test-method> <!-- loginTest -->
        <test-method is-config="true" signature="afterMethod()[pri:0, instance:runner.Testcase@740cae06]" started-at="2023-08-30T09:22:49 UTC" name="afterMethod" finished-at="2023-08-30T09:22:49 UTC" duration-ms="458" status="PASS">
          <reporter-output>
          </reporter-output>
        </test-method> <!-- afterMethod -->
        <test-method is-config="true" signature="beforeMethod()[pri:0, instance:runner.Testcase@740cae06]" started-at="2023-08-30T09:22:49 UTC" name="beforeMethod" finished-at="2023-08-30T09:22:52 UTC" duration-ms="2579" status="PASS">
          <reporter-output>
          </reporter-output>
        </test-method> <!-- beforeMethod -->
        <test-method signature="loginTest(java.lang.String,java.lang.String,java.lang.String)[pri:1, instance:runner.Testcase@740cae06]" started-at="2023-08-30T09:22:52 UTC" name="loginTest" data-provider="LoginData" finished-at="2023-08-30T09:22:55 UTC" duration-ms="2850" status="PASS">
          <params>
            <param index="0">
              <value>
                <![CDATA[Admin]]>
              </value>
            </param>
            <param index="1">
              <value>
                <![CDATA[12345]]>
              </value>
            </param>
            <param index="2">
              <value>
                <![CDATA[https://opensource-demo.orangehrmlive.com/web/index.php/auth/login]]>
              </value>
            </param>
          </params>
          <reporter-output>
          </reporter-output>
        </test-method> <!-- loginTest -->
        <test-method is-config="true" signature="afterMethod()[pri:0, instance:runner.Testcase@740cae06]" started-at="2023-08-30T09:22:55 UTC" name="afterMethod" finished-at="2023-08-30T09:22:55 UTC" duration-ms="151" status="PASS">
          <reporter-output>
          </reporter-output>
        </test-method> <!-- afterMethod -->
        <test-method is-config="true" signature="beforeMethod()[pri:0, instance:runner.Testcase@740cae06]" started-at="2023-08-30T09:22:55 UTC" name="beforeMethod" finished-at="2023-08-30T09:22:57 UTC" duration-ms="2606" status="PASS">
          <reporter-output>
          </reporter-output>
        </test-method> <!-- beforeMethod -->
        <test-method signature="SearchTest()[pri:2, instance:runner.Testcase@740cae06]" started-at="2023-08-30T09:22:57 UTC" name="SearchTest" finished-at="2023-08-30T09:23:07 UTC" duration-ms="9188" status="PASS">
          <reporter-output>
          </reporter-output>
        </test-method> <!-- SearchTest -->
        <test-method is-config="true" signature="afterMethod()[pri:0, instance:runner.Testcase@740cae06]" started-at="2023-08-30T09:23:07 UTC" name="afterMethod" finished-at="2023-08-30T09:23:07 UTC" duration-ms="177" status="PASS">
          <reporter-output>
          </reporter-output>
        </test-method> <!-- afterMethod -->
      </class> <!-- runner.Testcase -->
    </test> <!-- Surefire test -->
  </suite> <!-- Surefire suite -->
</testng-results>
