<?xml version="1.0" encoding="UTF-8"?>
<testng-results ignored="0" total="3" passed="3" failed="0" skipped="0">
  <reporter-output>
  </reporter-output>
  <suite started-at="2023-08-30T08:08:57 UTC" name="Surefire suite" finished-at="2023-08-30T08:09:22 UTC" duration-ms="24778">
    <groups>
    </groups>
    <test started-at="2023-08-30T08:08:57 UTC" name="Surefire test" finished-at="2023-08-30T08:09:22 UTC" duration-ms="24778">
      <class name="runner.Testcase">
        <test-method is-config="true" signature="beforeMethod()[pri:0, instance:runner.Testcase@644baf4a]" started-at="2023-08-30T08:08:57 UTC" name="beforeMethod" finished-at="2023-08-30T08:09:02 UTC" duration-ms="4304" status="PASS">
          <reporter-output>
          </reporter-output>
        </test-method> <!-- beforeMethod -->
        <test-method signature="loginTest(java.lang.String,java.lang.String,java.lang.String)[pri:1, instance:runner.Testcase@644baf4a]" started-at="2023-08-30T08:09:02 UTC" name="loginTest" data-provider="LoginData" finished-at="2023-08-30T08:09:05 UTC" duration-ms="3102" status="PASS">
          <params>
            <param index="0">
              <value>
                <![CDATA[Admin]]>
              </value>
            </param>
            <param index="1">
              <value>
                <![CDATA[admin123]]>
              </value>
            </param>
            <param index="2">
              <value>
                <![CDATA[https://opensource-demo.orangehrmlive.com/web/index.php/dashboard/index]]>
              </value>
            </param>
          </params>
          <reporter-output>
          </reporter-output>
        </test-method> <!-- loginTest -->
        <test-method is-config="true" signature="afterMethod()[pri:0, instance:runner.Testcase@644baf4a]" started-at="2023-08-30T08:09:05 UTC" name="afterMethod" finished-at="2023-08-30T08:09:05 UTC" duration-ms="452" status="PASS">
          <reporter-output>
          </reporter-output>
        </test-method> <!-- afterMethod -->
        <test-method is-config="true" signature="beforeMethod()[pri:0, instance:runner.Testcase@644baf4a]" started-at="2023-08-30T08:09:05 UTC" name="beforeMethod" finished-at="2023-08-30T08:09:08 UTC" duration-ms="2633" status="PASS">
          <reporter-output>
          </reporter-output>
        </test-method> <!-- beforeMethod -->
        <test-method signature="loginTest(java.lang.String,java.lang.String,java.lang.String)[pri:1, instance:runner.Testcase@644baf4a]" started-at="2023-08-30T08:09:08 UTC" name="loginTest" data-provider="LoginData" finished-at="2023-08-30T08:09:11 UTC" duration-ms="2968" status="PASS">
          <params>
            <param index="0">
              <value>
                <![CDATA[Admin]]>
              </value>
            </param>
            <param index="1">
              <value>
                <![CDATA[12345]]>
              </value>
            </param>
            <param index="2">
              <value>
                <![CDATA[https://opensource-demo.orangehrmlive.com/web/index.php/auth/login]]>
              </value>
            </param>
          </params>
          <reporter-output>
          </reporter-output>
        </test-method> <!-- loginTest -->
        <test-method is-config="true" signature="afterMethod()[pri:0, instance:runner.Testcase@644baf4a]" started-at="2023-08-30T08:09:11 UTC" name="afterMethod" finished-at="2023-08-30T08:09:11 UTC" duration-ms="144" status="PASS">
          <reporter-output>
          </reporter-output>
        </test-method> <!-- afterMethod -->
        <test-method is-config="true" signature="beforeMethod()[pri:0, instance:runner.Testcase@644baf4a]" started-at="2023-08-30T08:09:11 UTC" name="beforeMethod" finished-at="2023-08-30T08:09:14 UTC" duration-ms="2647" status="PASS">
          <reporter-output>
          </reporter-output>
        </test-method> <!-- beforeMethod -->
        <test-method signature="SearchTest()[pri:2, instance:runner.Testcase@644baf4a]" started-at="2023-08-30T08:09:14 UTC" name="SearchTest" finished-at="2023-08-30T08:09:22 UTC" duration-ms="8269" status="PASS">
          <reporter-output>
          </reporter-output>
        </test-method> <!-- SearchTest -->
        <test-method is-config="true" signature="afterMethod()[pri:0, instance:runner.Testcase@644baf4a]" started-at="2023-08-30T08:09:22 UTC" name="afterMethod" finished-at="2023-08-30T08:09:22 UTC" duration-ms="154" status="PASS">
          <reporter-output>
          </reporter-output>
        </test-method> <!-- afterMethod -->
      </class> <!-- runner.Testcase -->
    </test> <!-- Surefire test -->
  </suite> <!-- Surefire suite -->
</testng-results>
